0 info it worked if it ends with ok
1 verbose cli [ 'C:\\Program Files\\nodejs\\node.exe',
1 verbose cli   'C:\\Program Files\\nodejs\\node_modules\\npm\\bin\\npm-cli.js',
1 verbose cli   'run',
1 verbose cli   'mochatest' ]
2 info using npm@3.3.12
3 info using node@v5.1.0
4 verbose run-script [ 'premochatest', 'mochatest', 'postmochatest' ]
5 info lifecycle webcontent@1.0.0~premochatest: webcontent@1.0.0
6 silly lifecycle webcontent@1.0.0~premochatest: no script for premochatest, continuing
7 info lifecycle webcontent@1.0.0~mochatest: webcontent@1.0.0
8 verbose lifecycle webcontent@1.0.0~mochatest: unsafe-perm in lifecycle true
9 verbose lifecycle webcontent@1.0.0~mochatest: PATH: C:\Program Files\nodejs\node_modules\npm\bin\node-gyp-bin;G:\Kaustubh\wham\node_modules\.bin;C:\ProgramData\Oracle\Java\javapath;C:\Python27\;C:\Python27\Scripts;C:\Perl64\site\bin;C:\Perl64\bin;C:\Program Files (x86)\Lenovo\FusionEngine;C:\Program Files (x86)\Intel\iCLS Client\;C:\Program Files\Intel\iCLS Client\;C:\Program Files (x86)\NVIDIA Corporation\PhysX\Common;C:\WINDOWS\system32;C:\WINDOWS;C:\WINDOWS\System32\Wbem;C:\WINDOWS\System32\WindowsPowerShell\v1.0\;C:\Program Files\Intel\Intel(R) Management Engine Components\DAL;C:\Program Files\Intel\Intel(R) Management Engine Components\IPT;C:\Program Files (x86)\Intel\Intel(R) Management Engine Components\DAL;C:\Program Files (x86)\Intel\Intel(R) Management Engine Components\IPT;C:\Program Files (x86)\Common Files\lenovo\easyplussdk\bin;C:\Program Files (x86)\PharosSystems\Core;C:\Program Files (x86)\MySQL\MySQL Fabric 1.5.2 & MySQL Utilities 1.5.2 1.5\;C:\Program Files (x86)\MySQL\MySQL Fabric 1.5.2 & MySQL Utilities 1.5.2 1.5\Doctrine extensions for PHP\;C:\WINDOWS\system32\config\systemprofile\.dnx\bin;C:\Program Files\Microsoft DNX\Dnvm\;C:\Program Files\Intel\WiFi\bin\;C:\Program Files\Common Files\Intel\WirelessCommon\;C:\Program Files (x86)\Skype\Phone\;C:\Program Files\nodejs\;C:\Ruby193\bin;C:\Program Files (x86)\Google\Chrome\Application;C:\ProgramData\Oracle\Java\javapath;C:\Python27\;C:\Python27\Scripts;C:\Perl64\site\bin;C:\Perl64\bin;C:\Program Files (x86)\Lenovo\FusionEngine;C:\Program Files (x86)\Intel\iCLS Client\;C:\Program Files\Intel\iCLS Client\;C:\Program Files (x86)\NVIDIA Corporation\PhysX\Common;C:\WINDOWS\system32;C:\WINDOWS;C:\WINDOWS\System32\Wbem;C:\WINDOWS\System32\WindowsPowerShell\v1.0\;C:\Program Files\Intel\Intel(R) Management Engine Components\DAL;C:\Program Files\Intel\Intel(R) Management Engine Components\IPT;C:\Program Files (x86)\Intel\Intel(R) Management Engine Components\DAL;C:\Program Files (x86)\Intel\Intel(R) Management Engine Components\IPT;C:\Program Files (x86)\Common Files\lenovo\easyplussdk\bin;C:\Program Files (x86)\PharosSystems\Core;C:\Program Files (x86)\MySQL\MySQL Fabric 1.5.2 & MySQL Utilities 1.5.2 1.5\;C:\Program Files (x86)\MySQL\MySQL Fabric 1.5.2 & MySQL Utilities 1.5.2 1.5\Doctrine extensions for PHP\;C:\WINDOWS\system32\config\systemprofile\.dnx\bin;C:\Program Files\Microsoft DNX\Dnvm\;C:\Program Files\Intel\WiFi\bin\;C:\Program Files\Common Files\Intel\WirelessCommon\;C:\Program Files (x86)\Skype\Phone\;C:\Program Files\nodejs\;C:\Users\Harshad\AppData\Roaming\npm;C:\Users\Harshad\AppData\Local\Programs\Git\cmd;C:\Program Files\MongoDB\Server\3.0\bin;C:\Program Files (x86)\EaseUS\Todo Backup\bin\x64\
10 verbose lifecycle webcontent@1.0.0~mochatest: CWD: G:\Kaustubh\wham
11 silly lifecycle webcontent@1.0.0~mochatest: Args: [ '/d /s /c', 'mocha --reporter spec \'test/server.js\'' ]
12 silly lifecycle webcontent@1.0.0~mochatest: Returned: code: 1  signal: null
13 info lifecycle webcontent@1.0.0~mochatest: Failed to exec mochatest script
14 verbose stack Error: webcontent@1.0.0 mochatest: `mocha --reporter spec 'test/server.js'`
14 verbose stack Exit status 1
14 verbose stack     at EventEmitter.<anonymous> (C:\Program Files\nodejs\node_modules\npm\lib\utils\lifecycle.js:232:16)
14 verbose stack     at emitTwo (events.js:87:13)
14 verbose stack     at EventEmitter.emit (events.js:172:7)
14 verbose stack     at ChildProcess.<anonymous> (C:\Program Files\nodejs\node_modules\npm\lib\utils\spawn.js:24:14)
14 verbose stack     at emitTwo (events.js:87:13)
14 verbose stack     at ChildProcess.emit (events.js:172:7)
14 verbose stack     at maybeClose (internal/child_process.js:818:16)
14 verbose stack     at Process.ChildProcess._handle.onexit (internal/child_process.js:211:5)
15 verbose pkgid webcontent@1.0.0
16 verbose cwd G:\Kaustubh\wham
17 error Windows_NT 10.0.10240
18 error argv "C:\\Program Files\\nodejs\\node.exe" "C:\\Program Files\\nodejs\\node_modules\\npm\\bin\\npm-cli.js" "run" "mochatest"
19 error node v5.1.0
20 error npm  v3.3.12
21 error code ELIFECYCLE
22 error webcontent@1.0.0 mochatest: `mocha --reporter spec 'test/server.js'`
22 error Exit status 1
23 error Failed at the webcontent@1.0.0 mochatest script 'mocha --reporter spec 'test/server.js''.
23 error Make sure you have the latest version of node.js and npm installed.
23 error If you do, this is most likely a problem with the webcontent package,
23 error not with npm itself.
23 error Tell the author that this fails on your system:
23 error     mocha --reporter spec 'test/server.js'
23 error You can get their info via:
23 error     npm owner ls webcontent
23 error There is likely additional logging output above.
24 verbose exit [ 1, true ]
